<?xml version="1.0" encoding="UTF-8"?>
<!-- Generated by org.testng.reporters.JUnitXMLReporter -->
<testsuite ignored="0" hostname="DESKTOP-M8885M1" failures="1" tests="4" name="Test" time="260.19" errors="0" timestamp="2024-12-10T23:13:24 IST">
  <testcase classname="testcase.BrowserFromTestngFileTest" name="openBrowser" time="15.619">
    <skipped/>
  </testcase> <!-- openBrowser -->
  <testcase classname="testcase.BrowserFromTestngFileTest" name="openBrowser" time="12.441">
    <skipped/>
  </testcase> <!-- openBrowser -->
  <testcase classname="testcase.BrowserFromTestngFileTest" name="openBrowser" time="12.425">
    <skipped/>
  </testcase> <!-- openBrowser -->
  <testcase classname="testcase.BrowserFromTestngFileTest" name="openBrowser" time="131.018">
    <failure type="java.lang.AssertionError" message="expected [true] but found [false]">
      <![CDATA[java.lang.AssertionError: expected [true] but found [false]
at testcase.BrowserFromTestngFileTest.openBrowser(BrowserFromTestngFileTest.java:21)
at java.base/java.util.ArrayList.forEach(ArrayList.java:1597)
... Removed 29 stack frames]]>
    </failure>
  </testcase> <!-- openBrowser -->
</testsuite> <!-- Test -->
