<?xml version="1.0" encoding="UTF-8"?>
<testng-results ignored="0" total="1" passed="1" failed="0" skipped="0">
  <reporter-output>
  </reporter-output>
  <suite started-at="2024-12-26T21:38:54 IST" name="Default suite" finished-at="2024-12-26T21:39:05 IST" duration-ms="10597">
    <groups>
    </groups>
    <test started-at="2024-12-26T21:38:54 IST" name="Default test" finished-at="2024-12-26T21:39:05 IST" duration-ms="10597">
      <class name="testcase.AssesmnetTest">
        <test-method signature="openBrowser()[pri:0, instance:testcase.AssesmnetTest@1329eff]" started-at="2024-12-26T21:38:55 IST" name="openBrowser" finished-at="2024-12-26T21:39:05 IST" duration-ms="10548" status="PASS">
          <reporter-output>
          </reporter-output>
        </test-method> <!-- openBrowser -->
      </class> <!-- testcase.AssesmnetTest -->
    </test> <!-- Default test -->
  </suite> <!-- Default suite -->
</testng-results>
