<?xml version="1.0" encoding="UTF-8"?>
<!-- Generated by org.testng.reporters.JUnitXMLReporter -->
<testsuite ignored="2" hostname="DESKTOP-M8885M1" failures="0" tests="1" name="Automation Test" time="0.061" errors="0" timestamp="2024-12-09T14:08:56 IST">
  <testcase classname="testcase.SkipDemoTest" name="skipTest12" time="0.017">
    <skipped/>
  </testcase> <!-- skipTest12 -->
  <testcase classname="testcase.SkipDemoTest" name="skipTest1" time="0.0">
    <ignored/>
  </testcase> <!-- skipTest1 -->
  <testcase classname="testcase.SkipDemoTest" name="skipTest123" time="0.0">
    <ignored/>
  </testcase> <!-- skipTest123 -->
</testsuite> <!-- Automation Test -->
